<?xml version="1.0" encoding="UTF-8"?>
<!-- Generated by org.testng.reporters.JUnitXMLReporter -->
<testsuite ignored="1" hostname="DESKTOP-O4I9FMQ" failures="0" tests="1" name="Test" time="18.919" errors="0" timestamp="2025-07-10T16:20:39 IST">
  <testcase classname="com.irctc.tests.LoginPageTest" name="verifyLoginFunctionality" time="3.423"/>
  <testcase classname="com.irctc.base.BaseTest" name="@AfterTest tearDown" time="0.0">
    <ignored/>
  </testcase> <!-- @AfterTest tearDown -->
</testsuite> <!-- Test -->
