<?xml version="1.0" encoding="UTF-8"?>
<testng-results ignored="0" total="1" passed="1" failed="0" skipped="0">
  <reporter-output>
  </reporter-output>
  <suite started-at="2025-07-10T16:20:20 IST" name="Suite" finished-at="2025-07-10T16:20:39 IST" duration-ms="18919">
    <groups>
    </groups>
    <test started-at="2025-07-10T16:20:20 IST" name="Test" finished-at="2025-07-10T16:20:39 IST" duration-ms="18919">
      <class name="com.irctc.tests.LoginPageTest">
        <test-method is-config="true" signature="setup()[pri:0, instance:com.irctc.tests.LoginPageTest@5bda8e08]" started-at="2025-07-10T16:20:20 IST" name="setup" finished-at="2025-07-10T16:20:35 IST" duration-ms="14747" status="PASS">
          <reporter-output>
          </reporter-output>
        </test-method> <!-- setup -->
        <test-method signature="verifyLoginFunctionality()[pri:0, instance:com.irctc.tests.LoginPageTest@5bda8e08]" started-at="2025-07-10T16:20:35 IST" name="verifyLoginFunctionality" finished-at="2025-07-10T16:20:38 IST" duration-ms="3423" status="PASS">
          <reporter-output>
          </reporter-output>
        </test-method> <!-- verifyLoginFunctionality -->
        <test-method is-config="true" signature="tearDown()[pri:0, instance:com.irctc.tests.LoginPageTest@5bda8e08]" started-at="2025-07-10T16:20:38 IST" name="tearDown" finished-at="2025-07-10T16:20:39 IST" duration-ms="674" status="PASS">
          <reporter-output>
          </reporter-output>
        </test-method> <!-- tearDown -->
      </class> <!-- com.irctc.tests.LoginPageTest -->
    </test> <!-- Test -->
  </suite> <!-- Suite -->
</testng-results>
